In file included from ../ext/bson.cc:27:
In file included from /usr/include/c++/4.2.1/iostream:44:
In file included from /usr/include/c++/4.2.1/ostream:44:
In file included from /usr/include/c++/4.2.1/ios:42:
In file included from /usr/include/c++/4.2.1/iosfwd:45:
In file included from /usr/include/c++/4.2.1/bits/c++io.h:43:
In file included from /usr/include/c++/4.2.1/bits/gthr.h:114:
In file included from /usr/include/c++/4.2.1/bits/gthr-default.h:43:
In file included from /usr/include/pthread.h:60:
/usr/include/time.h:109:1: error: unknown type name 'clock_t'; did you mean 'node::clock_t'?
clock_t clock(void) __DARWIN_ALIAS(clock);
^
/usr/include/sys/_types/_clock_t.h:30:33: note: 'node::clock_t' declared here
typedef __darwin_clock_t        clock_t;
                                ^
In file included from ../ext/bson.cc:27:
In file included from /usr/include/c++/4.2.1/iostream:44:
In file included from /usr/include/c++/4.2.1/ostream:44:
In file included from /usr/include/c++/4.2.1/ios:42:
In file included from /usr/include/c++/4.2.1/iosfwd:45:
In file included from /usr/include/c++/4.2.1/bits/c++io.h:43:
In file included from /usr/include/c++/4.2.1/bits/gthr.h:114:
In file included from /usr/include/c++/4.2.1/bits/gthr-default.h:43:
/usr/include/pthread.h:273:20: error: unknown type name 'pthread_t'; did you mean 'node::pthread_t'?
int pthread_cancel(pthread_t) __DARWIN_ALIAS(pthread_cancel);
                   ^
/usr/include/sys/_types/_pthread_t.h:30:29: note: 'node::pthread_t' declared here
typedef __darwin_pthread_t              pthread_t;
                                        ^
In file included from ../ext/bson.cc:27:
In file included from /usr/include/c++/4.2.1/iostream:44:
In file included from /usr/include/c++/4.2.1/ostream:44:
In file included from /usr/include/c++/4.2.1/ios:42:
In file included from /usr/include/c++/4.2.1/iosfwd:45:
In file included from /usr/include/c++/4.2.1/bits/c++io.h:43:
In file included from /usr/include/c++/4.2.1/bits/gthr.h:114:
In file included from /usr/include/c++/4.2.1/bits/gthr-default.h:43:
/usr/include/pthread.h:276:28: error: unknown type name 'pthread_cond_t'; did you mean 'node::pthread_cond_t'?
int pthread_cond_broadcast(pthread_cond_t *);
                           ^
/usr/include/sys/_types/_pthread_cond_t.h:30:34: note: 'node::pthread_cond_t' declared here
typedef __darwin_pthread_cond_t         pthread_cond_t;
                                        ^
In file included from ../ext/bson.cc:27:
In file included from /usr/include/c++/4.2.1/iostream:44:
In file included from /usr/include/c++/4.2.1/ostream:44:
In file included from /usr/include/c++/4.2.1/ios:42:
In file included from /usr/include/c++/4.2.1/iosfwd:45:
In file included from /usr/include/c++/4.2.1/bits/c++io.h:43:
In file included from /usr/include/c++/4.2.1/bits/gthr.h:114:
In file included from /usr/include/c++/4.2.1/bits/gthr-default.h:43:
/usr/include/pthread.h:279:26: error: unknown type name 'pthread_cond_t'; did you mean 'node::pthread_cond_t'?
int pthread_cond_destroy(pthread_cond_t *);
                         ^
/usr/include/sys/_types/_pthread_cond_t.h:30:34: note: 'node::pthread_cond_t' declared here
typedef __darwin_pthread_cond_t         pthread_cond_t;
                                        ^
In file included from ../ext/bson.cc:27:
In file included from /usr/include/c++/4.2.1/iostream:44:
In file included from /usr/include/c++/4.2.1/ostream:44:
In file included from /usr/include/c++/4.2.1/ios:42:
In file included from /usr/include/c++/4.2.1/iosfwd:45:
In file included from /usr/include/c++/4.2.1/bits/c++io.h:43:
In file included from /usr/include/c++/4.2.1/bits/gthr.h:114:
In file included from /usr/include/c++/4.2.1/bits/gthr-default.h:43:
/usr/include/pthread.h:282:23: error: unknown type name 'pthread_cond_t'; did you mean 'node::pthread_cond_t'?
int pthread_cond_init(pthread_cond_t * __restrict,
                      ^
/usr/include/sys/_types/_pthread_cond_t.h:30:34: note: 'node::pthread_cond_t' declared here
typedef __darwin_pthread_cond_t         pthread_cond_t;
                                        ^
In file included from ../ext/bson.cc:27:
In file included from /usr/include/c++/4.2.1/iostream:44:
In file included from /usr/include/c++/4.2.1/ostream:44:
In file included from /usr/include/c++/4.2.1/ios:42:
In file included from /usr/include/c++/4.2.1/iosfwd:45:
In file included from /usr/include/c++/4.2.1/bits/c++io.h:43:
In file included from /usr/include/c++/4.2.1/bits/gthr.h:114:
In file included from /usr/include/c++/4.2.1/bits/gthr-default.h:43:
/usr/include/pthread.h:283:9: error: unknown type name 'pthread_condattr_t'; did you mean 'node::pthread_condattr_t'?
                const pthread_condattr_t * __restrict) __DARWIN_ALIAS(pthread_cond_init);
                      ^
/usr/include/sys/_types/_pthread_condattr_t.h:30:37: note: 'node::pthread_condattr_t' declared here
typedef __darwin_pthread_condattr_t     pthread_condattr_t;
                                        ^
In file included from ../ext/bson.cc:27:
In file included from /usr/include/c++/4.2.1/iostream:44:
In file included from /usr/include/c++/4.2.1/ostream:44:
In file included from /usr/include/c++/4.2.1/ios:42:
In file included from /usr/include/c++/4.2.1/iosfwd:45:
In file included from /usr/include/c++/4.2.1/bits/c++io.h:43:
In file included from /usr/include/c++/4.2.1/bits/gthr.h:114:
In file included from /usr/include/c++/4.2.1/bits/gthr-default.h:43:
/usr/include/pthread.h:286:25: error: unknown type name 'pthread_cond_t'; did you mean 'node::pthread_cond_t'?
int pthread_cond_signal(pthread_cond_t *);
                        ^
/usr/include/sys/_types/_pthread_cond_t.h:30:34: note: 'node::pthread_cond_t' declared here
typedef __darwin_pthread_cond_t         pthread_cond_t;
                                        ^
In file included from ../ext/bson.cc:27:
In file included from /usr/include/c++/4.2.1/iostream:44:
In file included from /usr/include/c++/4.2.1/ostream:44:
In file included from /usr/include/c++/4.2.1/ios:42:
In file included from /usr/include/c++/4.2.1/iosfwd:45:
In file included from /usr/include/c++/4.2.1/bits/c++io.h:43:
In file included from /usr/include/c++/4.2.1/bits/gthr.h:114:
In file included from /usr/include/c++/4.2.1/bits/gthr-default.h:43:
/usr/include/pthread.h:289:28: error: unknown type name 'pthread_cond_t'; did you mean 'node::pthread_cond_t'?
int pthread_cond_timedwait(pthread_cond_t * __restrict, pthread_mutex_t * __restrict,
                           ^
/usr/include/sys/_types/_pthread_cond_t.h:30:34: note: 'node::pthread_cond_t' declared here
typedef __darwin_pthread_cond_t         pthread_cond_t;
                                        ^
In file included from ../ext/bson.cc:27:
In file included from /usr/include/c++/4.2.1/iostream:44:
In file included from /usr/include/c++/4.2.1/ostream:44:
In file included from /usr/include/c++/4.2.1/ios:42:
In file included from /usr/include/c++/4.2.1/iosfwd:45:
In file included from /usr/include/c++/4.2.1/bits/c++io.h:43:
In file included from /usr/include/c++/4.2.1/bits/gthr.h:114:
In file included from /usr/include/c++/4.2.1/bits/gthr-default.h:43:
/usr/include/pthread.h:289:57: error: unknown type name 'pthread_mutex_t'; did you mean 'node::pthread_mutex_t'?
int pthread_cond_timedwait(pthread_cond_t * __restrict, pthread_mutex_t * __restrict,
                                                        ^
/usr/include/sys/_types/_pthread_mutex_t.h:30:34: note: 'node::pthread_mutex_t' declared here
typedef __darwin_pthread_mutex_t        pthread_mutex_t;
                                        ^
In file included from ../ext/bson.cc:27:
In file included from /usr/include/c++/4.2.1/iostream:44:
In file included from /usr/include/c++/4.2.1/ostream:44:
In file included from /usr/include/c++/4.2.1/ios:42:
In file included from /usr/include/c++/4.2.1/iosfwd:45:
In file included from /usr/include/c++/4.2.1/bits/c++io.h:43:
In file included from /usr/include/c++/4.2.1/bits/gthr.h:114:
In file included from /usr/include/c++/4.2.1/bits/gthr-default.h:43:
/usr/include/pthread.h:293:23: error: unknown type name 'pthread_cond_t'; did you mean 'node::pthread_cond_t'?
int pthread_cond_wait(pthread_cond_t * __restrict,
                      ^
/usr/include/sys/_types/_pthread_cond_t.h:30:34: note: 'node::pthread_cond_t' declared here
typedef __darwin_pthread_cond_t         pthread_cond_t;
                                        ^
In file included from ../ext/bson.cc:27:
In file included from /usr/include/c++/4.2.1/iostream:44:
In file included from /usr/include/c++/4.2.1/ostream:44:
In file included from /usr/include/c++/4.2.1/ios:42:
In file included from /usr/include/c++/4.2.1/iosfwd:45:
In file included from /usr/include/c++/4.2.1/bits/c++io.h:43:
In file included from /usr/include/c++/4.2.1/bits/gthr.h:114:
In file included from /usr/include/c++/4.2.1/bits/gthr-default.h:43:
/usr/include/pthread.h:294:3: error: unknown type name 'pthread_mutex_t'; did you mean 'node::pthread_mutex_t'?
                pthread_mutex_t * __restrict) __DARWIN_ALIAS_C(pthread_cond_wait);
                ^
/usr/include/sys/_types/_pthread_mutex_t.h:30:34: note: 'node::pthread_mutex_t' declared here
typedef __darwin_pthread_mutex_t        pthread_mutex_t;
                                        ^
In file included from ../ext/bson.cc:27:
In file included from /usr/include/c++/4.2.1/iostream:44:
In file included from /usr/include/c++/4.2.1/ostream:44:
In file included from /usr/include/c++/4.2.1/ios:42:
In file included from /usr/include/c++/4.2.1/iosfwd:45:
In file included from /usr/include/c++/4.2.1/bits/c++io.h:43:
In file included from /usr/include/c++/4.2.1/bits/gthr.h:114:
In file included from /usr/include/c++/4.2.1/bits/gthr-default.h:43:
/usr/include/pthread.h:297:30: error: unknown type name 'pthread_condattr_t'; did you mean 'node::pthread_condattr_t'?
int pthread_condattr_destroy(pthread_condattr_t *);
                             ^
/usr/include/sys/_types/_pthread_condattr_t.h:30:37: note: 'node::pthread_condattr_t' declared here
typedef __darwin_pthread_condattr_t     pthread_condattr_t;
                                        ^
In file included from ../ext/bson.cc:27:
In file included from /usr/include/c++/4.2.1/iostream:44:
In file included from /usr/include/c++/4.2.1/ostream:44:
In file included from /usr/include/c++/4.2.1/ios:42:
In file included from /usr/include/c++/4.2.1/iosfwd:45:
In file included from /usr/include/c++/4.2.1/bits/c++io.h:43:
In file included from /usr/include/c++/4.2.1/bits/gthr.h:114:
In file included from /usr/include/c++/4.2.1/bits/gthr-default.h:43:
/usr/include/pthread.h:300:27: error: unknown type name 'pthread_condattr_t'; did you mean 'node::pthread_condattr_t'?
int pthread_condattr_init(pthread_condattr_t *);
                          ^
/usr/include/sys/_types/_pthread_condattr_t.h:30:37: note: 'node::pthread_condattr_t' declared here
typedef __darwin_pthread_condattr_t     pthread_condattr_t;
                                        ^
In file included from ../ext/bson.cc:27:
In file included from /usr/include/c++/4.2.1/iostream:44:
In file included from /usr/include/c++/4.2.1/ostream:44:
In file included from /usr/include/c++/4.2.1/ios:42:
In file included from /usr/include/c++/4.2.1/iosfwd:45:
In file included from /usr/include/c++/4.2.1/bits/c++io.h:43:
In file included from /usr/include/c++/4.2.1/bits/gthr.h:114:
In file included from /usr/include/c++/4.2.1/bits/gthr-default.h:43:
/usr/include/pthread.h:303:39: error: unknown type name 'pthread_condattr_t'; did you mean 'node::pthread_condattr_t'?
int pthread_condattr_getpshared(const pthread_condattr_t * __restrict,
                                      ^
/usr/include/sys/_types/_pthread_condattr_t.h:30:37: note: 'node::pthread_condattr_t' declared here
typedef __darwin_pthread_condattr_t     pthread_condattr_t;
                                        ^
In file included from ../ext/bson.cc:27:
In file included from /usr/include/c++/4.2.1/iostream:44:
In file included from /usr/include/c++/4.2.1/ostream:44:
In file included from /usr/include/c++/4.2.1/ios:42:
In file included from /usr/include/c++/4.2.1/iosfwd:45:
In file included from /usr/include/c++/4.2.1/bits/c++io.h:43:
In file included from /usr/include/c++/4.2.1/bits/gthr.h:114:
In file included from /usr/include/c++/4.2.1/bits/gthr-default.h:43:
/usr/include/pthread.h:307:33: error: unknown type name 'pthread_condattr_t'; did you mean 'node::pthread_condattr_t'?
int pthread_condattr_setpshared(pthread_condattr_t *, int);
                                ^
/usr/include/sys/_types/_pthread_condattr_t.h:30:37: note: 'node::pthread_condattr_t' declared here
typedef __darwin_pthread_condattr_t     pthread_condattr_t;
                                        ^
In file included from ../ext/bson.cc:27:
In file included from /usr/include/c++/4.2.1/iostream:44:
In file included from /usr/include/c++/4.2.1/ostream:44:
In file included from /usr/include/c++/4.2.1/ios:42:
In file included from /usr/include/c++/4.2.1/iosfwd:45:
In file included from /usr/include/c++/4.2.1/bits/c++io.h:43:
In file included from /usr/include/c++/4.2.1/bits/gthr.h:114:
In file included from /usr/include/c++/4.2.1/bits/gthr-default.h:43:
/usr/include/pthread.h:310:20: error: unknown type name 'pthread_t'; did you mean 'node::pthread_t'?
int pthread_create(pthread_t * __restrict, const pthread_attr_t * __restrict,
                   ^
/usr/include/sys/_types/_pthread_t.h:30:29: note: 'node::pthread_t' declared here
typedef __darwin_pthread_t              pthread_t;
                                        ^
In file included from ../ext/bson.cc:27:
In file included from /usr/include/c++/4.2.1/iostream:44:
In file included from /usr/include/c++/4.2.1/ostream:44:
In file included from /usr/include/c++/4.2.1/ios:42:
In file included from /usr/include/c++/4.2.1/iosfwd:45:
In file included from /usr/include/c++/4.2.1/bits/c++io.h:43:
In file included from /usr/include/c++/4.2.1/bits/gthr.h:114:
In file included from /usr/include/c++/4.2.1/bits/gthr-default.h:43:
/usr/include/pthread.h:314:20: error: unknown type name 'pthread_t'; did you mean 'node::pthread_t'?
int pthread_detach(pthread_t);
                   ^
/usr/include/sys/_types/_pthread_t.h:30:29: note: 'node::pthread_t' declared here
typedef __darwin_pthread_t              pthread_t;
                                        ^
In file included from ../ext/bson.cc:27:
In file included from /usr/include/c++/4.2.1/iostream:44:
In file included from /usr/include/c++/4.2.1/ostream:44:
In file included from /usr/include/c++/4.2.1/ios:42:
In file included from /usr/include/c++/4.2.1/iosfwd:45:
In file included from /usr/include/c++/4.2.1/bits/c++io.h:43:
In file included from /usr/include/c++/4.2.1/bits/gthr.h:114:
In file included from /usr/include/c++/4.2.1/bits/gthr-default.h:43:
/usr/include/pthread.h:317:19: error: unknown type name 'pthread_t'; did you mean 'node::pthread_t'?
int pthread_equal(pthread_t, pthread_t);
                  ^
/usr/include/sys/_types/_pthread_t.h:30:29: note: 'node::pthread_t' declared here
typedef __darwin_pthread_t              pthread_t;
                                        ^
In file included from ../ext/bson.cc:27:
In file included from /usr/include/c++/4.2.1/iostream:44:
In file included from /usr/include/c++/4.2.1/ostream:44:
In file included from /usr/include/c++/4.2.1/ios:42:
In file included from /usr/include/c++/4.2.1/iosfwd:45:
In file included from /usr/include/c++/4.2.1/bits/c++io.h:43:
In file included from /usr/include/c++/4.2.1/bits/gthr.h:114:
In file included from /usr/include/c++/4.2.1/bits/gthr-default.h:43:
/usr/include/pthread.h:317:30: error: unknown type name 'pthread_t'; did you mean 'node::pthread_t'?
int pthread_equal(pthread_t, pthread_t);
                             ^
/usr/include/sys/_types/_pthread_t.h:30:29: note: 'node::pthread_t' declared here
typedef __darwin_pthread_t              pthread_t;
                                        ^
fatal error: too many errors emitted, stopping now [-ferror-limit=]
20 errors generated.
make: *** [Release/obj.target/bson/ext/bson.o] Error 1
gyp ERR! build error 
gyp ERR! stack Error: `make` failed with exit code: 2
gyp ERR! stack     at ChildProcess.onExit (/usr/local/lib/node_modules/npm/node_modules/node-gyp/lib/build.js:267:23)
gyp ERR! stack     at ChildProcess.EventEmitter.emit (events.js:107:17)
gyp ERR! stack     at Process.ChildProcess._handle.onexit (child_process.js:879:12)
gyp ERR! System Darwin 13.0.0
gyp ERR! command "node" "/usr/local/lib/node_modules/npm/node_modules/node-gyp/bin/node-gyp.js" "rebuild"
gyp ERR! cwd /Users/ck/coding/projects/js-bson
gyp ERR! node -v v0.11.11
gyp ERR! node-gyp -v v0.12.2
gyp ERR! not ok 
